<?xml version='1.0'?>
<ns2:test-suite xmlns:ns2='urn:model.allure.qatools.yandex.ru' start='1666094583486' stop='1666094611523'>
    <name>TestScript_03</name>
    <title>TestScript_03</title>
    <test-cases>
        <test-case start='1666094583494' status='passed' stop='1666094586507'>
            <name>URL lanching</name>
            <title>URL lanching</title>
            <labels>
                <label name='language' value='javascript'/>
                <label name='framework' value='wdio'/>
                <label name='thread' value='0-0'/>
            </labels>
            <parameters>
                <parameter kind='argument' name='browser' value='chrome-106.0.5249.119'/>
                <parameter kind='argument' name='browserVersion' value='106.0.5249.119'/>
            </parameters>
            <steps/>
            <attachments/>
        </test-case>
        <test-case start='1666094586512' status='passed' stop='1666094591641'>
            <name>Login</name>
            <title>Login</title>
            <labels>
                <label name='language' value='javascript'/>
                <label name='framework' value='wdio'/>
                <label name='thread' value='0-0'/>
                <label name='language' value='javascript'/>
                <label name='framework' value='wdio'/>
                <label name='thread' value='0-0'/>
            </labels>
            <parameters>
                <parameter kind='argument' name='browser' value='chrome-106.0.5249.119'/>
                <parameter kind='argument' name='browserVersion' value='106.0.5249.119'/>
                <parameter kind='argument' name='browser' value='chrome-106.0.5249.119'/>
                <parameter kind='argument' name='browserVersion' value='106.0.5249.119'/>
            </parameters>
            <steps/>
            <attachments/>
        </test-case>
        <test-case start='1666094591650' status='broken' stop='1666094595594'>
            <name>Resturant Module</name>
            <title>Resturant Module</title>
            <labels>
                <label name='language' value='javascript'/>
                <label name='framework' value='wdio'/>
                <label name='thread' value='0-0'/>
            </labels>
            <parameters>
                <parameter kind='argument' name='browser' value='chrome-106.0.5249.119'/>
                <parameter kind='argument' name='browserVersion' value='106.0.5249.119'/>
            </parameters>
            <steps/>
            <attachments>
                <attachment title='Execution video' source='d4281249-b4ee-40af-b431-dc9f0634968e-attachment.mp4' type='video/mp4' size='122'/>
            </attachments>
            <failure>
                <message>no such alert
                  (Session info: chrome=106.0.5249.119)</message>
                <stack-trace>no such alert: no such alert
                  (Session info: chrome=106.0.5249.119)
                    at getErrorFromResponseBody (C:\Users\LENOVO\Desktop\SDET_40WebdriverIO\node_modules\webdriver\build\utils.js:198:12)
                    at NodeJSRequest._request (C:\Users\LENOVO\Desktop\SDET_40WebdriverIO\node_modules\webdriver\build\request\index.js:166:60)
                    at processTicksAndRejections (node:internal/process/task_queues:96:5)
                    at async Browser.wrapCommandFn (C:\Users\LENOVO\Desktop\SDET_40WebdriverIO\node_modules\@wdio\utils\build\shim.js:137:29)
                    at async Context.&lt;anonymous> (C:\Users\LENOVO\Desktop\SDET_40WebdriverIO\test\specs\PlaceTheOrderAndUpdateTheOrderStatus.js:30:5)</stack-trace>
            </failure>
        </test-case>
        <test-case start='1666094595602' status='broken' stop='1666094611518'>
            <name>Admin Login</name>
            <title>Admin Login</title>
            <labels>
                <label name='language' value='javascript'/>
                <label name='framework' value='wdio'/>
                <label name='thread' value='0-0'/>
                <label name='language' value='javascript'/>
                <label name='framework' value='wdio'/>
                <label name='thread' value='0-0'/>
            </labels>
            <parameters>
                <parameter kind='argument' name='browser' value='chrome-106.0.5249.119'/>
                <parameter kind='argument' name='browserVersion' value='106.0.5249.119'/>
                <parameter kind='argument' name='browser' value='chrome-106.0.5249.119'/>
                <parameter kind='argument' name='browserVersion' value='106.0.5249.119'/>
            </parameters>
            <steps/>
            <attachments>
                <attachment title='Execution video' source='ce0fd4ac-5e95-41f2-b731-4fb834148370-attachment.mp4' type='video/mp4' size='117'/>
            </attachments>
            <failure>
                <message>Can't call click on element with selector "//a[@href='all_orders.php']" because element wasn't found</message>
                <stack-trace>Error: Can't call click on element with selector "//a[@href='all_orders.php']" because element wasn't found
                    at implicitWait (C:\Users\LENOVO\Desktop\SDET_40WebdriverIO\node_modules\webdriverio\build\utils\implicitWait.js:34:19)
                    at async Element.elementErrorHandlerCallbackFn (C:\Users\LENOVO\Desktop\SDET_40WebdriverIO\node_modules\webdriverio\build\middlewares.js:20:29)
                    at async Element.wrapCommandFn (C:\Users\LENOVO\Desktop\SDET_40WebdriverIO\node_modules\@wdio\utils\build\shim.js:137:29)
                    at async Context.&lt;anonymous> (C:\Users\LENOVO\Desktop\SDET_40WebdriverIO\test\specs\PlaceTheOrderAndUpdateTheOrderStatus.js:47:5)</stack-trace>
            </failure>
        </test-case>
    </test-cases>
</ns2:test-suite>