<?xml version='1.0'?>
<ns2:test-suite xmlns:ns2='urn:model.allure.qatools.yandex.ru' start='1666180981347' stop='1666181027950'>
    <name>TestScript_03</name>
    <title>TestScript_03</title>
    <test-cases>
        <test-case start='1666180981347' status='passed' stop='1666180981813'>
            <name>URL lanching</name>
            <title>URL lanching</title>
            <labels>
                <label name='language' value='javascript'/>
                <label name='framework' value='wdio'/>
                <label name='thread' value='0-0'/>
            </labels>
            <parameters>
                <parameter kind='argument' name='browser' value='chrome-106.0.5249.119'/>
            </parameters>
            <steps/>
            <attachments/>
        </test-case>
        <test-case start='1666180981814' status='broken' stop='1666181003211'>
            <name>Login</name>
            <title>Login</title>
            <labels>
                <label name='language' value='javascript'/>
                <label name='framework' value='wdio'/>
                <label name='thread' value='0-0'/>
                <label name='language' value='javascript'/>
                <label name='framework' value='wdio'/>
                <label name='thread' value='0-0'/>
            </labels>
            <parameters>
                <parameter kind='argument' name='browser' value='chrome-106.0.5249.119'/>
                <parameter kind='argument' name='browser' value='chrome-106.0.5249.119'/>
            </parameters>
            <steps/>
            <attachments>
                <attachment title='Screenshot' source='e0996f02-337e-49db-8daf-e6ebf0bc1ab5-attachment.png' type='image/png' size='901051'/>
                <attachment title='Screenshot' source='97b01461-49d2-4e2c-a147-c03825d0b255-attachment.png' type='image/png' size='901051'/>
            </attachments>
            <failure>
                <message>Can't call click on element with selector "//a[text()='Login']" because element wasn't found</message>
                <stack-trace>Error: Can't call click on element with selector "//a[text()='Login']" because element wasn't found
                    at implicitWait (C:\Users\LENOVO\Desktop\SDET_40WebdriverIO\node_modules\webdriverio\build\utils\implicitWait.js:34:19)
                    at async Element.elementErrorHandlerCallbackFn (C:\Users\LENOVO\Desktop\SDET_40WebdriverIO\node_modules\webdriverio\build\middlewares.js:20:29)
                    at async Element.wrapCommandFn (C:\Users\LENOVO\Desktop\SDET_40WebdriverIO\node_modules\@wdio\utils\build\shim.js:137:29)
                    at async Context.&lt;anonymous> (C:\Users\LENOVO\Desktop\SDET_40WebdriverIO\test\specs\PlaceTheOrderAndUpdateTheOrderStatus.js:16:5)</stack-trace>
            </failure>
        </test-case>
        <test-case start='1666181003212' status='passed' stop='1666181004032'>
            <name>Resturant Module</name>
            <title>Resturant Module</title>
            <labels>
                <label name='language' value='javascript'/>
                <label name='framework' value='wdio'/>
                <label name='thread' value='0-0'/>
            </labels>
            <parameters>
                <parameter kind='argument' name='browser' value='chrome-106.0.5249.119'/>
            </parameters>
            <steps/>
            <attachments/>
        </test-case>
        <test-case start='1666181004032' status='broken' stop='1666181027949'>
            <name>Admin Login</name>
            <title>Admin Login</title>
            <labels>
                <label name='language' value='javascript'/>
                <label name='framework' value='wdio'/>
                <label name='thread' value='0-0'/>
                <label name='language' value='javascript'/>
                <label name='framework' value='wdio'/>
                <label name='thread' value='0-0'/>
            </labels>
            <parameters>
                <parameter kind='argument' name='browser' value='chrome-106.0.5249.119'/>
                <parameter kind='argument' name='browser' value='chrome-106.0.5249.119'/>
            </parameters>
            <steps/>
            <attachments>
                <attachment title='Screenshot' source='b5c2a4b5-5d84-44f8-a5d2-fa290f7fadd8-attachment.png' type='image/png' size='30668'/>
                <attachment title='Screenshot' source='d65ee48d-e6ae-4ea9-b27f-deff725fe84d-attachment.png' type='image/png' size='69098'/>
            </attachments>
            <failure>
                <message>Expect window to have title containing
                
                Expected: "Order Update"
                Received: "View Order"</message>
                <stack-trace>Error: Expect window to have title containing
                
                Expected: "Order Update"
                Received: "View Order"
                    at Context.&lt;anonymous> (C:\Users\LENOVO\Desktop\SDET_40WebdriverIO\test\specs\PlaceTheOrderAndUpdateTheOrderStatus.js:50:27)
                    at processTicksAndRejections (node:internal/process/task_queues:96:5)</stack-trace>
            </failure>
        </test-case>
    </test-cases>
</ns2:test-suite>